<?xml version="1.0" encoding="UTF-8"?>
<!-- Generated by org.testng.reporters.JUnitXMLReporter -->
<testsuite ignored="0" hostname="DESKTOP-KMCTGLT" failures="1" tests="3" name="Test" time="39.766" errors="0" timestamp="2024-01-08T16:24:02 IST">
  <testcase classname="Test_Package.login_test" name="test_login" time="17.387"/>
  <testcase classname="Test_Package.login_test" name="test_login" time="13.81">
    <failure type="java.lang.AssertionError" message="expected [true] but found [false]">
      <![CDATA[java.lang.AssertionError: expected [true] but found [false]
at Test_Package.login_test.test_login(login_test.java:53)
at java.base/java.util.ArrayList.forEach(ArrayList.java:1511)
... Removed 33 stack frames]]>
    </failure>
  </testcase> <!-- test_login -->
  <testcase classname="Test_Package.login_test" name="test_login" time="6.379"/>
</testsuite> <!-- Test -->
