<?xml version="1.0" encoding="UTF-8"?>
<!-- Generated by org.testng.reporters.JUnitXMLReporter -->
<testsuite ignored="0" hostname="DESKTOP-KMCTGLT" failures="0" tests="16" name="Test" time="181.067" errors="0" timestamp="2024-01-12T17:06:26 IST">
  <testcase classname="Test_Package.TC_003_forgotpassword_test" name="test_forgotPassword" time="7.693"/>
  <testcase classname="Test_Package.TC_003_forgotpassword_test" name="test_forgotPassword" time="5.509"/>
  <testcase classname="Test_Package.TC_003_forgotpassword_test" name="test_forgotPassword" time="5.488"/>
  <testcase classname="Test_Package.TC_001_login_test" name="test_login" time="13.665"/>
  <testcase classname="Test_Package.TC_001_login_test" name="test_login" time="13.537"/>
  <testcase classname="Test_Package.TC_001_login_test" name="test_login" time="5.296"/>
  <testcase classname="Test_Package.TC_001_login_test" name="test_login" time="13.91"/>
  <testcase classname="Test_Package.TC_001_login_test" name="test_login" time="13.733"/>
  <testcase classname="Test_Package.TC_002_registration_test" name="registration_test" time="5.111"/>
  <testcase classname="Test_Package.TC_002_registration_test" name="registration_test" time="5.104"/>
  <testcase classname="Test_Package.TC_002_registration_test" name="registration_test" time="14.183"/>
  <testcase classname="Test_Package.TC_002_registration_test" name="registration_test" time="14.306"/>
  <testcase classname="Test_Package.TC_002_registration_test" name="registration_test" time="14.271"/>
  <testcase classname="Test_Package.TC_002_registration_test" name="registration_test" time="14.594"/>
  <testcase classname="Test_Package.TC_002_registration_test" name="registration_test" time="14.54"/>
  <testcase classname="Test_Package.TC_002_registration_test" name="registration_test" time="14.079"/>
</testsuite> <!-- Test -->
