<?xml version="1.0" encoding="UTF-8"?>
<testng-results ignored="0" total="16" passed="16" failed="0" skipped="0">
  <reporter-output>
  </reporter-output>
  <suite started-at="2024-01-12T17:03:25 IST" name="Suite" finished-at="2024-01-12T17:06:26 IST" duration-ms="181067">
    <groups>
    </groups>
    <test started-at="2024-01-12T17:03:25 IST" name="Test" finished-at="2024-01-12T17:06:26 IST" duration-ms="181067">
      <class name="Test_Package.TC_002_registration_test">
        <test-method signature="registration_test(java.util.HashMap)[pri:0, instance:Test_Package.TC_002_registration_test@320e400]" started-at="2024-01-12T17:04:47 IST" name="registration_test" data-provider="datafor_Registration" finished-at="2024-01-12T17:04:52 IST" duration-ms="5111" status="PASS">
          <params>
            <param index="0">
              <value>
                <![CDATA[{MobileNo=2024a, Email=test, ExpectedResult=Success, FirstName=Sonu, Runmode=Y, UserPassword=12345678a, LastName=Mahi, Browser=Chrome}]]>
              </value>
            </param>
          </params>
          <reporter-output>
          </reporter-output>
        </test-method> <!-- registration_test -->
        <test-method is-config="true" signature="teardown()[pri:0, instance:Test_Package.TC_002_registration_test@320e400]" started-at="2024-01-12T17:04:52 IST" name="teardown" finished-at="2024-01-12T17:04:53 IST" duration-ms="252" status="PASS">
          <reporter-output>
          </reporter-output>
        </test-method> <!-- teardown -->
        <test-method signature="registration_test(java.util.HashMap)[pri:0, instance:Test_Package.TC_002_registration_test@320e400]" started-at="2024-01-12T17:04:53 IST" name="registration_test" data-provider="datafor_Registration" finished-at="2024-01-12T17:04:58 IST" duration-ms="5104" status="PASS">
          <params>
            <param index="0">
              <value>
                <![CDATA[{MobileNo=2024a, Email=test, ExpectedResult=Success, FirstName=Monu, Runmode=Y, UserPassword=12345678a, LastName=Mahi, Browser=Chrome}]]>
              </value>
            </param>
          </params>
          <reporter-output>
          </reporter-output>
        </test-method> <!-- registration_test -->
        <test-method is-config="true" signature="teardown()[pri:0, instance:Test_Package.TC_002_registration_test@320e400]" started-at="2024-01-12T17:04:58 IST" name="teardown" finished-at="2024-01-12T17:04:58 IST" duration-ms="284" status="PASS">
          <reporter-output>
          </reporter-output>
        </test-method> <!-- teardown -->
        <test-method signature="registration_test(java.util.HashMap)[pri:0, instance:Test_Package.TC_002_registration_test@320e400]" started-at="2024-01-12T17:04:58 IST" name="registration_test" data-provider="datafor_Registration" finished-at="2024-01-12T17:05:12 IST" duration-ms="14183" status="PASS">
          <params>
            <param index="0">
              <value>
                <![CDATA[{MobileNo=20a, Email=test, ExpectedResult=Failure, FirstName=Nilesh, Runmode=Y, UserPassword=12345678a, LastName=Kumar, Browser=Chrome}]]>
              </value>
            </param>
          </params>
          <reporter-output>
          </reporter-output>
        </test-method> <!-- registration_test -->
        <test-method is-config="true" signature="teardown()[pri:0, instance:Test_Package.TC_002_registration_test@320e400]" started-at="2024-01-12T17:05:12 IST" name="teardown" finished-at="2024-01-12T17:05:13 IST" duration-ms="376" status="PASS">
          <reporter-output>
          </reporter-output>
        </test-method> <!-- teardown -->
        <test-method signature="registration_test(java.util.HashMap)[pri:0, instance:Test_Package.TC_002_registration_test@320e400]" started-at="2024-01-12T17:05:13 IST" name="registration_test" data-provider="datafor_Registration" finished-at="2024-01-12T17:05:27 IST" duration-ms="14306" status="PASS">
          <params>
            <param index="0">
              <value>
                <![CDATA[{MobileNo=123456789323a, Email=test, ExpectedResult=Failure, FirstName=Rahul, Runmode=Y, UserPassword=12345678a, LastName=Sharma, Browser=Chrome}]]>
              </value>
            </param>
          </params>
          <reporter-output>
          </reporter-output>
        </test-method> <!-- registration_test -->
        <test-method is-config="true" signature="teardown()[pri:0, instance:Test_Package.TC_002_registration_test@320e400]" started-at="2024-01-12T17:05:27 IST" name="teardown" finished-at="2024-01-12T17:05:27 IST" duration-ms="293" status="PASS">
          <reporter-output>
          </reporter-output>
        </test-method> <!-- teardown -->
        <test-method signature="registration_test(java.util.HashMap)[pri:0, instance:Test_Package.TC_002_registration_test@320e400]" started-at="2024-01-12T17:05:27 IST" name="registration_test" data-provider="datafor_Registration" finished-at="2024-01-12T17:05:41 IST" duration-ms="14271" status="PASS">
          <params>
            <param index="0">
              <value>
                <![CDATA[{MobileNo=2024a, Email=test, ExpectedResult=Failure, FirstName=Jack, Runmode=Y, UserPassword=12345a, LastName=Jones, Browser=Chrome}]]>
              </value>
            </param>
          </params>
          <reporter-output>
          </reporter-output>
        </test-method> <!-- registration_test -->
        <test-method is-config="true" signature="teardown()[pri:0, instance:Test_Package.TC_002_registration_test@320e400]" started-at="2024-01-12T17:05:41 IST" name="teardown" finished-at="2024-01-12T17:05:42 IST" duration-ms="224" status="PASS">
          <reporter-output>
          </reporter-output>
        </test-method> <!-- teardown -->
        <test-method signature="registration_test(java.util.HashMap)[pri:0, instance:Test_Package.TC_002_registration_test@320e400]" started-at="2024-01-12T17:05:42 IST" name="registration_test" data-provider="datafor_Registration" finished-at="2024-01-12T17:05:56 IST" duration-ms="14594" status="PASS">
          <params>
            <param index="0">
              <value>
                <![CDATA[{MobileNo=2024a, Email=test, ExpectedResult=Failure, FirstName=, Runmode=Y, UserPassword=12345678a, LastName=Jones, Browser=Chrome}]]>
              </value>
            </param>
          </params>
          <reporter-output>
          </reporter-output>
        </test-method> <!-- registration_test -->
        <test-method is-config="true" signature="teardown()[pri:0, instance:Test_Package.TC_002_registration_test@320e400]" started-at="2024-01-12T17:05:56 IST" name="teardown" finished-at="2024-01-12T17:05:57 IST" duration-ms="344" status="PASS">
          <reporter-output>
          </reporter-output>
        </test-method> <!-- teardown -->
        <test-method signature="registration_test(java.util.HashMap)[pri:0, instance:Test_Package.TC_002_registration_test@320e400]" started-at="2024-01-12T17:05:57 IST" name="registration_test" data-provider="datafor_Registration" finished-at="2024-01-12T17:06:11 IST" duration-ms="14540" status="PASS">
          <params>
            <param index="0">
              <value>
                <![CDATA[{MobileNo=2024a, Email=test, ExpectedResult=Failure, FirstName=Sack, Runmode=Y, UserPassword=12345678a, LastName=, Browser=Chrome}]]>
              </value>
            </param>
          </params>
          <reporter-output>
          </reporter-output>
        </test-method> <!-- registration_test -->
        <test-method is-config="true" signature="teardown()[pri:0, instance:Test_Package.TC_002_registration_test@320e400]" started-at="2024-01-12T17:06:11 IST" name="teardown" finished-at="2024-01-12T17:06:12 IST" duration-ms="358" status="PASS">
          <reporter-output>
          </reporter-output>
        </test-method> <!-- teardown -->
        <test-method signature="registration_test(java.util.HashMap)[pri:0, instance:Test_Package.TC_002_registration_test@320e400]" started-at="2024-01-12T17:06:12 IST" name="registration_test" data-provider="datafor_Registration" finished-at="2024-01-12T17:06:26 IST" duration-ms="14079" status="PASS">
          <params>
            <param index="0">
              <value>
                <![CDATA[{MobileNo=2024a, Email=test, ExpectedResult=Failure, FirstName=Wack, Runmode=Y, UserPassword=, LastName=Jones, Browser=Chrome}]]>
              </value>
            </param>
          </params>
          <reporter-output>
          </reporter-output>
        </test-method> <!-- registration_test -->
        <test-method is-config="true" signature="teardown()[pri:0, instance:Test_Package.TC_002_registration_test@320e400]" started-at="2024-01-12T17:06:26 IST" name="teardown" finished-at="2024-01-12T17:06:26 IST" duration-ms="286" status="PASS">
          <reporter-output>
          </reporter-output>
        </test-method> <!-- teardown -->
      </class> <!-- Test_Package.TC_002_registration_test -->
      <class name="Test_Package.TC_001_login_test">
        <test-method signature="test_login(java.util.HashMap)[pri:0, instance:Test_Package.TC_001_login_test@7728643a]" started-at="2024-01-12T17:03:45 IST" name="test_login" data-provider="datafor_login" finished-at="2024-01-12T17:03:59 IST" duration-ms="13665" status="PASS">
          <params>
            <param index="0">
              <value>
                <![CDATA[{Runmode=Y, ExpectedResult=Failure, Username=sumit@test.com, Browser=Chrome, Password=12345sdsd}]]>
              </value>
            </param>
          </params>
          <reporter-output>
          </reporter-output>
        </test-method> <!-- test_login -->
        <test-method is-config="true" signature="teardown()[pri:0, instance:Test_Package.TC_001_login_test@7728643a]" started-at="2024-01-12T17:03:59 IST" name="teardown" finished-at="2024-01-12T17:03:59 IST" duration-ms="304" status="PASS">
          <reporter-output>
          </reporter-output>
        </test-method> <!-- teardown -->
        <test-method signature="test_login(java.util.HashMap)[pri:0, instance:Test_Package.TC_001_login_test@7728643a]" started-at="2024-01-12T17:03:59 IST" name="test_login" data-provider="datafor_login" finished-at="2024-01-12T17:04:13 IST" duration-ms="13537" status="PASS">
          <params>
            <param index="0">
              <value>
                <![CDATA[{Runmode=Y, ExpectedResult=Failure, Username=sack@apptest.com, Browser=Chrome, Password=sack@123}]]>
              </value>
            </param>
          </params>
          <reporter-output>
          </reporter-output>
        </test-method> <!-- test_login -->
        <test-method is-config="true" signature="teardown()[pri:0, instance:Test_Package.TC_001_login_test@7728643a]" started-at="2024-01-12T17:04:13 IST" name="teardown" finished-at="2024-01-12T17:04:13 IST" duration-ms="305" status="PASS">
          <reporter-output>
          </reporter-output>
        </test-method> <!-- teardown -->
        <test-method signature="test_login(java.util.HashMap)[pri:0, instance:Test_Package.TC_001_login_test@7728643a]" started-at="2024-01-12T17:04:13 IST" name="test_login" data-provider="datafor_login" finished-at="2024-01-12T17:04:19 IST" duration-ms="5296" status="PASS">
          <params>
            <param index="0">
              <value>
                <![CDATA[{Runmode=Y, ExpectedResult=Success, Username=mack@apptest.com, Browser=Chrome, Password=mack@123}]]>
              </value>
            </param>
          </params>
          <reporter-output>
          </reporter-output>
        </test-method> <!-- test_login -->
        <test-method is-config="true" signature="teardown()[pri:0, instance:Test_Package.TC_001_login_test@7728643a]" started-at="2024-01-12T17:04:19 IST" name="teardown" finished-at="2024-01-12T17:04:19 IST" duration-ms="351" status="PASS">
          <reporter-output>
          </reporter-output>
        </test-method> <!-- teardown -->
        <test-method signature="test_login(java.util.HashMap)[pri:0, instance:Test_Package.TC_001_login_test@7728643a]" started-at="2024-01-12T17:04:19 IST" name="test_login" data-provider="datafor_login" finished-at="2024-01-12T17:04:33 IST" duration-ms="13910" status="PASS">
          <params>
            <param index="0">
              <value>
                <![CDATA[{Runmode=Y, ExpectedResult=Failure, Username=wack@apptest.com, Browser=Chrome, Password=}]]>
              </value>
            </param>
          </params>
          <reporter-output>
          </reporter-output>
        </test-method> <!-- test_login -->
        <test-method is-config="true" signature="teardown()[pri:0, instance:Test_Package.TC_001_login_test@7728643a]" started-at="2024-01-12T17:04:33 IST" name="teardown" finished-at="2024-01-12T17:04:33 IST" duration-ms="311" status="PASS">
          <reporter-output>
          </reporter-output>
        </test-method> <!-- teardown -->
        <test-method signature="test_login(java.util.HashMap)[pri:0, instance:Test_Package.TC_001_login_test@7728643a]" started-at="2024-01-12T17:04:33 IST" name="test_login" data-provider="datafor_login" finished-at="2024-01-12T17:04:47 IST" duration-ms="13733" status="PASS">
          <params>
            <param index="0">
              <value>
                <![CDATA[{Runmode=Y, ExpectedResult=Failure, Username=, Browser=Chrome, Password=mack@123}]]>
              </value>
            </param>
          </params>
          <reporter-output>
          </reporter-output>
        </test-method> <!-- test_login -->
        <test-method is-config="true" signature="teardown()[pri:0, instance:Test_Package.TC_001_login_test@7728643a]" started-at="2024-01-12T17:04:47 IST" name="teardown" finished-at="2024-01-12T17:04:47 IST" duration-ms="280" status="PASS">
          <reporter-output>
          </reporter-output>
        </test-method> <!-- teardown -->
      </class> <!-- Test_Package.TC_001_login_test -->
      <class name="Test_Package.TC_003_forgotpassword_test">
        <test-method signature="test_forgotPassword(java.util.HashMap)[pri:0, instance:Test_Package.TC_003_forgotpassword_test@1edb61b1]" started-at="2024-01-12T17:03:26 IST" name="test_forgotPassword" data-provider="datafor_forgotPassword" finished-at="2024-01-12T17:03:33 IST" duration-ms="7693" status="PASS">
          <params>
            <param index="0">
              <value>
                <![CDATA[{Runmode=Y, Email=sack@apptest.com, ExpectedResult=Success, Browser=Chrome}]]>
              </value>
            </param>
          </params>
          <reporter-output>
          </reporter-output>
        </test-method> <!-- test_forgotPassword -->
        <test-method is-config="true" signature="teardown()[pri:0, instance:Test_Package.TC_003_forgotpassword_test@1edb61b1]" started-at="2024-01-12T17:03:33 IST" name="teardown" finished-at="2024-01-12T17:03:34 IST" duration-ms="425" status="PASS">
          <reporter-output>
          </reporter-output>
        </test-method> <!-- teardown -->
        <test-method signature="test_forgotPassword(java.util.HashMap)[pri:0, instance:Test_Package.TC_003_forgotpassword_test@1edb61b1]" started-at="2024-01-12T17:03:34 IST" name="test_forgotPassword" data-provider="datafor_forgotPassword" finished-at="2024-01-12T17:03:39 IST" duration-ms="5509" status="PASS">
          <params>
            <param index="0">
              <value>
                <![CDATA[{Runmode=Y, Email=sck@test.com, ExpectedResult=Failure, Browser=Chrome}]]>
              </value>
            </param>
          </params>
          <reporter-output>
          </reporter-output>
        </test-method> <!-- test_forgotPassword -->
        <test-method is-config="true" signature="teardown()[pri:0, instance:Test_Package.TC_003_forgotpassword_test@1edb61b1]" started-at="2024-01-12T17:03:39 IST" name="teardown" finished-at="2024-01-12T17:03:40 IST" duration-ms="330" status="PASS">
          <reporter-output>
          </reporter-output>
        </test-method> <!-- teardown -->
        <test-method signature="test_forgotPassword(java.util.HashMap)[pri:0, instance:Test_Package.TC_003_forgotpassword_test@1edb61b1]" started-at="2024-01-12T17:03:40 IST" name="test_forgotPassword" data-provider="datafor_forgotPassword" finished-at="2024-01-12T17:03:45 IST" duration-ms="5488" status="PASS">
          <params>
            <param index="0">
              <value>
                <![CDATA[{Runmode=Y, Email=, ExpectedResult=Failure, Browser=Chrome}]]>
              </value>
            </param>
          </params>
          <reporter-output>
          </reporter-output>
        </test-method> <!-- test_forgotPassword -->
        <test-method is-config="true" signature="teardown()[pri:0, instance:Test_Package.TC_003_forgotpassword_test@1edb61b1]" started-at="2024-01-12T17:03:45 IST" name="teardown" finished-at="2024-01-12T17:03:45 IST" duration-ms="307" status="PASS">
          <reporter-output>
          </reporter-output>
        </test-method> <!-- teardown -->
      </class> <!-- Test_Package.TC_003_forgotpassword_test -->
    </test> <!-- Test -->
  </suite> <!-- Suite -->
</testng-results>
